<?xml version="1.0" encoding="UTF-8"?>
<!-- Generated by org.testng.reporters.JUnitXMLReporter -->
<testsuite ignored="0" hostname="Panch" failures="1" tests="6" name="RunTest" time="11.262" errors="0" timestamp="2024-03-08T16:42:09 IST">
  <testcase classname="numadic.test.Test_01" name="verifyHeader" time="0.08"/>
  <testcase classname="numadic.test.Test_01" name="filterQA" time="1.946"/>
  <testcase classname="numadic.test.Test_01" name="verifyPageTitle" time="0.019"/>
  <testcase classname="numadic.test.Test_01" name="clickInterested" time="0.197"/>
  <testcase classname="numadic.test.Test_01" name="verifyValidation" time="2.806"/>
  <testcase classname="numadic.test.Test_01" name="applcationFill" time="0.655">
    <failure type="java.lang.ClassCastException" message="class java.lang.Long cannot be cast to class java.lang.String (java.lang.Long and java.lang.String are in module java.base of loader &amp;apos;bootstrap&amp;apos;)">
      <![CDATA[java.lang.ClassCastException: class java.lang.Long cannot be cast to class java.lang.String (java.lang.Long and java.lang.String are in module java.base of loader 'bootstrap')
at numadic.test.Test_01.applcationFill(Test_01.java:76)
at java.base/java.util.ArrayList.forEach(ArrayList.java:1511)
... Removed 27 stack frames]]>
    </failure>
  </testcase> <!-- applcationFill -->
</testsuite> <!-- RunTest -->
